s:\win32sdk\new folder\tetrisblocksgame\debug\vc141.pdb
s:\win32sdk\new folder\tetrisblocksgame\debug\vc141.idb
s:\win32sdk\new folder\tetrisblocksgame\debug\pieceset.obj
s:\win32sdk\new folder\tetrisblocksgame\debug\piece.obj
s:\win32sdk\new folder\tetrisblocksgame\debug\main.obj
s:\win32sdk\new folder\tetrisblocksgame\debug\level.obj
s:\win32sdk\new folder\tetrisblocksgame\debug\game.obj
s:\win32sdk\new folder\tetrisblocksgame\debug\drawengine.obj
s:\win32sdk\new folder\tetrisblocksgame\debug\tetrisblocksgame.exe
s:\win32sdk\new folder\tetrisblocksgame\debug\tetrisblocksgame.ilk
s:\win32sdk\new folder\tetrisblocksgame\debug\tetrisblocksgame.pdb
s:\win32sdk\new folder\tetrisblocksgame\debug\seticon.res
s:\win32sdk\new folder\tetrisblocksgame\debug\tetrisblocksgame.tlog\cl.command.1.tlog
s:\win32sdk\new folder\tetrisblocksgame\debug\tetrisblocksgame.tlog\cl.read.1.tlog
s:\win32sdk\new folder\tetrisblocksgame\debug\tetrisblocksgame.tlog\cl.write.1.tlog
s:\win32sdk\new folder\tetrisblocksgame\debug\tetrisblocksgame.tlog\link.command.1.tlog
s:\win32sdk\new folder\tetrisblocksgame\debug\tetrisblocksgame.tlog\link.read.1.tlog
s:\win32sdk\new folder\tetrisblocksgame\debug\tetrisblocksgame.tlog\link.write.1.tlog
s:\win32sdk\new folder\tetrisblocksgame\debug\tetrisblocksgame.tlog\rc.command.1.tlog
s:\win32sdk\new folder\tetrisblocksgame\debug\tetrisblocksgame.tlog\rc.read.1.tlog
s:\win32sdk\new folder\tetrisblocksgame\debug\tetrisblocksgame.tlog\rc.write.1.tlog
